[debug] [2022-12-21T19:24:04.810Z] ----------------------------------------------------------------------
[debug] [2022-12-21T19:24:04.812Z] Command:       /usr/local/bin/node /usr/local/bin/firebase deploy
[debug] [2022-12-21T19:24:04.812Z] CLI Version:   11.11.0
[debug] [2022-12-21T19:24:04.812Z] Platform:      darwin
[debug] [2022-12-21T19:24:04.812Z] Node Version:  v16.13.2
[debug] [2022-12-21T19:24:04.813Z] Time:          Wed Dec 21 2022 14:24:04 GMT-0500 (Eastern Standard Time)
[debug] [2022-12-21T19:24:04.813Z] ----------------------------------------------------------------------
[debug] 
[debug] [2022-12-21T19:24:04.858Z] > command requires scopes: ["email","openid","https://www.googleapis.com/auth/cloudplatformprojects.readonly","https://www.googleapis.com/auth/firebase","https://www.googleapis.com/auth/cloud-platform"]
[debug] [2022-12-21T19:24:04.859Z] > authorizing via signed-in user (brian.hardy67@gmail.com)
[debug] [2022-12-21T19:24:04.859Z] [iam] checking project qc-database-e638d for permissions ["firebase.projects.get","firebasehosting.sites.update"]
[debug] [2022-12-21T19:24:04.861Z] >>> [apiv2][query] POST https://cloudresourcemanager.googleapis.com/v1/projects/qc-database-e638d:testIamPermissions [none]
[debug] [2022-12-21T19:24:04.861Z] >>> [apiv2][(partial)header] POST https://cloudresourcemanager.googleapis.com/v1/projects/qc-database-e638d:testIamPermissions x-goog-quota-user=projects/qc-database-e638d
[debug] [2022-12-21T19:24:04.861Z] >>> [apiv2][body] POST https://cloudresourcemanager.googleapis.com/v1/projects/qc-database-e638d:testIamPermissions {"permissions":["firebase.projects.get","firebasehosting.sites.update"]}
[debug] [2022-12-21T19:24:05.406Z] <<< [apiv2][status] POST https://cloudresourcemanager.googleapis.com/v1/projects/qc-database-e638d:testIamPermissions 200
[debug] [2022-12-21T19:24:05.406Z] <<< [apiv2][body] POST https://cloudresourcemanager.googleapis.com/v1/projects/qc-database-e638d:testIamPermissions {}
[debug] [2022-12-21T19:24:05.407Z] [iam] error while checking permissions, command may fail: FirebaseError: Authorization failed. This account is missing the following required permissions on project qc-database-e638d:

  firebase.projects.get
  firebasehosting.sites.update
[debug] [2022-12-21T19:24:05.407Z] >>> [apiv2][query] GET https://firebase.googleapis.com/v1beta1/projects/qc-database-e638d [none]
[debug] [2022-12-21T19:24:05.682Z] <<< [apiv2][status] GET https://firebase.googleapis.com/v1beta1/projects/qc-database-e638d 403
[debug] [2022-12-21T19:24:05.683Z] <<< [apiv2][body] GET https://firebase.googleapis.com/v1beta1/projects/qc-database-e638d {"error":{"code":403,"message":"The caller does not have permission","status":"PERMISSION_DENIED"}}
[debug] [2022-12-21T19:24:05.683Z] HTTP Error: 403, The caller does not have permission
[debug] [2022-12-21T19:24:05.791Z] FirebaseError: HTTP Error: 403, The caller does not have permission
    at responseToError (/usr/local/lib/node_modules/firebase-tools/lib/responseToError.js:49:12)
    at RetryOperation._fn (/usr/local/lib/node_modules/firebase-tools/lib/apiv2.js:288:77)
    at processTicksAndRejections (node:internal/process/task_queues:96:5)
[error] 
[error] Error: Failed to get Firebase project qc-database-e638d. Please make sure the project exists and your account has permission to access it.
